[debug] [2023-09-13T23:06:24.166Z] ----------------------------------------------------------------------
[debug] [2023-09-13T23:06:24.168Z] Command:       C:\Program Files\nodejs\node.exe C:\Users\VP\AppData\Roaming\npm\node_modules\firebase-tools\lib\bin\firebase.js deploy
[debug] [2023-09-13T23:06:24.169Z] CLI Version:   12.5.4
[debug] [2023-09-13T23:06:24.170Z] Platform:      win32
[debug] [2023-09-13T23:06:24.170Z] Node Version:  v18.16.0
[debug] [2023-09-13T23:06:24.172Z] Time:          Thu Sep 14 2023 00:06:24 GMT+0100 (West Africa Standard Time)
[debug] [2023-09-13T23:06:24.172Z] ----------------------------------------------------------------------
[debug] 
[debug] [2023-09-13T23:06:24.428Z] > command requires scopes: ["email","openid","https://www.googleapis.com/auth/cloudplatformprojects.readonly","https://www.googleapis.com/auth/firebase","https://www.googleapis.com/auth/cloud-platform"]
[debug] [2023-09-13T23:06:24.429Z] > authorizing via signed-in user (onukogudumebi@gmail.com)
[debug] [2023-09-13T23:06:24.429Z] [iam] checking project netflix-clone-b7075 for permissions ["firebase.projects.get","firebasehosting.sites.update"]
[debug] [2023-09-13T23:06:24.433Z] >>> [apiv2][query] POST https://cloudresourcemanager.googleapis.com/v1/projects/netflix-clone-b7075:testIamPermissions [none]
[debug] [2023-09-13T23:06:24.433Z] >>> [apiv2][(partial)header] POST https://cloudresourcemanager.googleapis.com/v1/projects/netflix-clone-b7075:testIamPermissions x-goog-quota-user=projects/netflix-clone-b7075
[debug] [2023-09-13T23:06:24.434Z] >>> [apiv2][body] POST https://cloudresourcemanager.googleapis.com/v1/projects/netflix-clone-b7075:testIamPermissions {"permissions":["firebase.projects.get","firebasehosting.sites.update"]}
[debug] [2023-09-13T23:06:27.835Z] <<< [apiv2][status] POST https://cloudresourcemanager.googleapis.com/v1/projects/netflix-clone-b7075:testIamPermissions 200
[debug] [2023-09-13T23:06:27.836Z] <<< [apiv2][body] POST https://cloudresourcemanager.googleapis.com/v1/projects/netflix-clone-b7075:testIamPermissions {"permissions":["firebase.projects.get","firebasehosting.sites.update"]}
[debug] [2023-09-13T23:06:27.837Z] >>> [apiv2][query] GET https://firebase.googleapis.com/v1beta1/projects/netflix-clone-b7075 [none]
[debug] [2023-09-13T23:06:29.480Z] <<< [apiv2][status] GET https://firebase.googleapis.com/v1beta1/projects/netflix-clone-b7075 200
[debug] [2023-09-13T23:06:29.481Z] <<< [apiv2][body] GET https://firebase.googleapis.com/v1beta1/projects/netflix-clone-b7075 {"projectId":"netflix-clone-b7075","projectNumber":"696820494611","displayName":"netflix-clone","name":"projects/netflix-clone-b7075","resources":{"hostingSite":"netflix-clone-b7075"},"state":"ACTIVE","etag":"1_9694caaa-dd8b-4281-aec6-6eb4dbbca29b"}
[info] 
[info] === Deploying to 'netflix-clone-b7075'...
[info] 
[info] i  deploying hosting 
[debug] [2023-09-13T23:06:29.489Z] >>> [apiv2][query] POST https://firebasehosting.googleapis.com/v1beta1/projects/-/sites/netflix-clone-b7075/versions [none]
[debug] [2023-09-13T23:06:29.489Z] >>> [apiv2][body] POST https://firebasehosting.googleapis.com/v1beta1/projects/-/sites/netflix-clone-b7075/versions {"status":"CREATED","labels":{"deployment-tool":"cli-firebase"}}
[debug] [2023-09-13T23:06:33.334Z] <<< [apiv2][status] POST https://firebasehosting.googleapis.com/v1beta1/projects/-/sites/netflix-clone-b7075/versions 200
[debug] [2023-09-13T23:06:33.334Z] <<< [apiv2][body] POST https://firebasehosting.googleapis.com/v1beta1/projects/-/sites/netflix-clone-b7075/versions {"name":"projects/696820494611/sites/netflix-clone-b7075/versions/6fea6ec99bbfbef8","status":"CREATED","config":{},"labels":{"deployment-tool":"cli-firebase"}}
[info] i  hosting[netflix-clone-b7075]: beginning deploy... 
[info] i  hosting[netflix-clone-b7075]: found 14 files in build 
[debug] [2023-09-13T23:06:33.351Z] [hosting] uploading with 200 concurrency
[debug] [2023-09-13T23:06:33.352Z] [hosting] hash cache [YnVpbGQ] not populated
[debug] [2023-09-13T23:06:33.606Z] [hosting] hash cache [YnVpbGQ] stored for 14 files
[debug] [2023-09-13T23:06:33.606Z] [hosting][hash queue][FINAL] {"max":217,"min":14,"avg":31,"active":0,"complete":14,"success":14,"errored":0,"retried":0,"total":14,"elapsed":229}
[debug] [2023-09-13T23:06:33.607Z] >>> [apiv2][query] POST https://firebasehosting.googleapis.com/v1beta1/projects/696820494611/sites/netflix-clone-b7075/versions/6fea6ec99bbfbef8:populateFiles [none]
[debug] [2023-09-13T23:06:33.607Z] >>> [apiv2][body] POST https://firebasehosting.googleapis.com/v1beta1/projects/696820494611/sites/netflix-clone-b7075/versions/6fea6ec99bbfbef8:populateFiles {"files":{"/asset-manifest.json":"eaddbdbb6655afeb231055ee56489abd7cebd80b14f1e28d45d43f17e2a8cfd4","/favicon.ico":"87aecafb41d21ea93b7af81398237b980c43ee880676c78630ee2d1e9a6d711f","/index.html":"2ba20f9cf56e97166435bf2b1bec55b442eab3b9d48235adcb716feadc3a818e","/logo192.png":"ebf380e341383bbf65d6a762603f630a9f7610c97f32bd297bc097635bc37ee3","/manifest.json":"aff3449bdc238776f5d6d967f19ec491b36aed5fb7f23ccff6500736fd58494a","/robots.txt":"5fcd5c559ded0c02b3ed7840ca3ee77e95b798730af98d9f18bc627ac898071e","/logo512.png":"c55d034d9cf7abfac7600919cbf4f4ce2f3ea3478df91d01177e8ff136f58918","/static/css/main.1219afb4.css":"729f564295ae2431bce9f283362871dbf0f3c0f89687049c0698baa45497cec7","/static/js/787.58b933ed.chunk.js":"7a998c23ec7dfc9e9459570191f019630b30c4b37acc5f2162a8a4b6941c8b3a","/static/js/main.37e936d4.js.LICENSE.txt":"9a5693f3ad64623aa991f3065546bde8af6bb49b81adcb6287518c506d7f1203","/static/js/787.58b933ed.chunk.js.map":"a12218b0e8a042b38dedd9db4c470655420f31a6dc82953ec5a2548ee5aa509c","/static/css/main.1219afb4.css.map":"fffbd6ff40417a0ff00e2cee3279ceacc1c0bfaf8ae7a806b39936cff8b2f636","/static/js/main.37e936d4.js":"b0af527c958cc3ea2684b453dd26126cb528bb2f70e2455901145d39b5c41eaa","/static/js/main.37e936d4.js.map":"c10c92b2be4f6a895515150d8ee0df2ccbe71c8899b27795e56cb3002c1d91d4"}}
[debug] [2023-09-13T23:06:41.725Z] <<< [apiv2][status] POST https://firebasehosting.googleapis.com/v1beta1/projects/696820494611/sites/netflix-clone-b7075/versions/6fea6ec99bbfbef8:populateFiles 200
[debug] [2023-09-13T23:06:41.725Z] <<< [apiv2][body] POST https://firebasehosting.googleapis.com/v1beta1/projects/696820494611/sites/netflix-clone-b7075/versions/6fea6ec99bbfbef8:populateFiles {"uploadRequiredHashes":["5fcd5c559ded0c02b3ed7840ca3ee77e95b798730af98d9f18bc627ac898071e","fffbd6ff40417a0ff00e2cee3279ceacc1c0bfaf8ae7a806b39936cff8b2f636","729f564295ae2431bce9f283362871dbf0f3c0f89687049c0698baa45497cec7","ebf380e341383bbf65d6a762603f630a9f7610c97f32bd297bc097635bc37ee3","b0af527c958cc3ea2684b453dd26126cb528bb2f70e2455901145d39b5c41eaa","eaddbdbb6655afeb231055ee56489abd7cebd80b14f1e28d45d43f17e2a8cfd4","87aecafb41d21ea93b7af81398237b980c43ee880676c78630ee2d1e9a6d711f","7a998c23ec7dfc9e9459570191f019630b30c4b37acc5f2162a8a4b6941c8b3a","2ba20f9cf56e97166435bf2b1bec55b442eab3b9d48235adcb716feadc3a818e","a12218b0e8a042b38dedd9db4c470655420f31a6dc82953ec5a2548ee5aa509c","c55d034d9cf7abfac7600919cbf4f4ce2f3ea3478df91d01177e8ff136f58918","aff3449bdc238776f5d6d967f19ec491b36aed5fb7f23ccff6500736fd58494a","c10c92b2be4f6a895515150d8ee0df2ccbe71c8899b27795e56cb3002c1d91d4","9a5693f3ad64623aa991f3065546bde8af6bb49b81adcb6287518c506d7f1203"],"uploadUrl":"https://upload-firebasehosting.googleapis.com/upload/sites/netflix-clone-b7075/versions/6fea6ec99bbfbef8/files"}
[debug] [2023-09-13T23:06:41.728Z] >>> [apiv2][query] POST https://upload-firebasehosting.googleapis.com/upload/sites/netflix-clone-b7075/versions/6fea6ec99bbfbef8/files/5fcd5c559ded0c02b3ed7840ca3ee77e95b798730af98d9f18bc627ac898071e [none]
[debug] [2023-09-13T23:06:41.728Z] >>> [apiv2][body] POST https://upload-firebasehosting.googleapis.com/upload/sites/netflix-clone-b7075/versions/6fea6ec99bbfbef8/files/5fcd5c559ded0c02b3ed7840ca3ee77e95b798730af98d9f18bc627ac898071e [stream]
[debug] [2023-09-13T23:06:41.730Z] >>> [apiv2][query] POST https://upload-firebasehosting.googleapis.com/upload/sites/netflix-clone-b7075/versions/6fea6ec99bbfbef8/files/fffbd6ff40417a0ff00e2cee3279ceacc1c0bfaf8ae7a806b39936cff8b2f636 [none]
[debug] [2023-09-13T23:06:41.730Z] >>> [apiv2][body] POST https://upload-firebasehosting.googleapis.com/upload/sites/netflix-clone-b7075/versions/6fea6ec99bbfbef8/files/fffbd6ff40417a0ff00e2cee3279ceacc1c0bfaf8ae7a806b39936cff8b2f636 [stream]
[debug] [2023-09-13T23:06:41.731Z] >>> [apiv2][query] POST https://upload-firebasehosting.googleapis.com/upload/sites/netflix-clone-b7075/versions/6fea6ec99bbfbef8/files/729f564295ae2431bce9f283362871dbf0f3c0f89687049c0698baa45497cec7 [none]
[debug] [2023-09-13T23:06:41.731Z] >>> [apiv2][body] POST https://upload-firebasehosting.googleapis.com/upload/sites/netflix-clone-b7075/versions/6fea6ec99bbfbef8/files/729f564295ae2431bce9f283362871dbf0f3c0f89687049c0698baa45497cec7 [stream]
[debug] [2023-09-13T23:06:41.733Z] >>> [apiv2][query] POST https://upload-firebasehosting.googleapis.com/upload/sites/netflix-clone-b7075/versions/6fea6ec99bbfbef8/files/ebf380e341383bbf65d6a762603f630a9f7610c97f32bd297bc097635bc37ee3 [none]
[debug] [2023-09-13T23:06:41.733Z] >>> [apiv2][body] POST https://upload-firebasehosting.googleapis.com/upload/sites/netflix-clone-b7075/versions/6fea6ec99bbfbef8/files/ebf380e341383bbf65d6a762603f630a9f7610c97f32bd297bc097635bc37ee3 [stream]
[debug] [2023-09-13T23:06:41.735Z] >>> [apiv2][query] POST https://upload-firebasehosting.googleapis.com/upload/sites/netflix-clone-b7075/versions/6fea6ec99bbfbef8/files/b0af527c958cc3ea2684b453dd26126cb528bb2f70e2455901145d39b5c41eaa [none]
[debug] [2023-09-13T23:06:41.735Z] >>> [apiv2][body] POST https://upload-firebasehosting.googleapis.com/upload/sites/netflix-clone-b7075/versions/6fea6ec99bbfbef8/files/b0af527c958cc3ea2684b453dd26126cb528bb2f70e2455901145d39b5c41eaa [stream]
[debug] [2023-09-13T23:06:41.736Z] >>> [apiv2][query] POST https://upload-firebasehosting.googleapis.com/upload/sites/netflix-clone-b7075/versions/6fea6ec99bbfbef8/files/eaddbdbb6655afeb231055ee56489abd7cebd80b14f1e28d45d43f17e2a8cfd4 [none]
[debug] [2023-09-13T23:06:41.736Z] >>> [apiv2][body] POST https://upload-firebasehosting.googleapis.com/upload/sites/netflix-clone-b7075/versions/6fea6ec99bbfbef8/files/eaddbdbb6655afeb231055ee56489abd7cebd80b14f1e28d45d43f17e2a8cfd4 [stream]
[debug] [2023-09-13T23:06:41.737Z] >>> [apiv2][query] POST https://upload-firebasehosting.googleapis.com/upload/sites/netflix-clone-b7075/versions/6fea6ec99bbfbef8/files/87aecafb41d21ea93b7af81398237b980c43ee880676c78630ee2d1e9a6d711f [none]
[debug] [2023-09-13T23:06:41.738Z] >>> [apiv2][body] POST https://upload-firebasehosting.googleapis.com/upload/sites/netflix-clone-b7075/versions/6fea6ec99bbfbef8/files/87aecafb41d21ea93b7af81398237b980c43ee880676c78630ee2d1e9a6d711f [stream]
[debug] [2023-09-13T23:06:41.739Z] >>> [apiv2][query] POST https://upload-firebasehosting.googleapis.com/upload/sites/netflix-clone-b7075/versions/6fea6ec99bbfbef8/files/7a998c23ec7dfc9e9459570191f019630b30c4b37acc5f2162a8a4b6941c8b3a [none]
[debug] [2023-09-13T23:06:41.739Z] >>> [apiv2][body] POST https://upload-firebasehosting.googleapis.com/upload/sites/netflix-clone-b7075/versions/6fea6ec99bbfbef8/files/7a998c23ec7dfc9e9459570191f019630b30c4b37acc5f2162a8a4b6941c8b3a [stream]
[debug] [2023-09-13T23:06:41.742Z] >>> [apiv2][query] POST https://upload-firebasehosting.googleapis.com/upload/sites/netflix-clone-b7075/versions/6fea6ec99bbfbef8/files/2ba20f9cf56e97166435bf2b1bec55b442eab3b9d48235adcb716feadc3a818e [none]
[debug] [2023-09-13T23:06:41.742Z] >>> [apiv2][body] POST https://upload-firebasehosting.googleapis.com/upload/sites/netflix-clone-b7075/versions/6fea6ec99bbfbef8/files/2ba20f9cf56e97166435bf2b1bec55b442eab3b9d48235adcb716feadc3a818e [stream]
[debug] [2023-09-13T23:06:41.743Z] >>> [apiv2][query] POST https://upload-firebasehosting.googleapis.com/upload/sites/netflix-clone-b7075/versions/6fea6ec99bbfbef8/files/a12218b0e8a042b38dedd9db4c470655420f31a6dc82953ec5a2548ee5aa509c [none]
[debug] [2023-09-13T23:06:41.743Z] >>> [apiv2][body] POST https://upload-firebasehosting.googleapis.com/upload/sites/netflix-clone-b7075/versions/6fea6ec99bbfbef8/files/a12218b0e8a042b38dedd9db4c470655420f31a6dc82953ec5a2548ee5aa509c [stream]
[debug] [2023-09-13T23:06:41.745Z] >>> [apiv2][query] POST https://upload-firebasehosting.googleapis.com/upload/sites/netflix-clone-b7075/versions/6fea6ec99bbfbef8/files/c55d034d9cf7abfac7600919cbf4f4ce2f3ea3478df91d01177e8ff136f58918 [none]
[debug] [2023-09-13T23:06:41.745Z] >>> [apiv2][body] POST https://upload-firebasehosting.googleapis.com/upload/sites/netflix-clone-b7075/versions/6fea6ec99bbfbef8/files/c55d034d9cf7abfac7600919cbf4f4ce2f3ea3478df91d01177e8ff136f58918 [stream]
[debug] [2023-09-13T23:06:41.746Z] >>> [apiv2][query] POST https://upload-firebasehosting.googleapis.com/upload/sites/netflix-clone-b7075/versions/6fea6ec99bbfbef8/files/aff3449bdc238776f5d6d967f19ec491b36aed5fb7f23ccff6500736fd58494a [none]
[debug] [2023-09-13T23:06:41.746Z] >>> [apiv2][body] POST https://upload-firebasehosting.googleapis.com/upload/sites/netflix-clone-b7075/versions/6fea6ec99bbfbef8/files/aff3449bdc238776f5d6d967f19ec491b36aed5fb7f23ccff6500736fd58494a [stream]
[debug] [2023-09-13T23:06:41.747Z] >>> [apiv2][query] POST https://upload-firebasehosting.googleapis.com/upload/sites/netflix-clone-b7075/versions/6fea6ec99bbfbef8/files/c10c92b2be4f6a895515150d8ee0df2ccbe71c8899b27795e56cb3002c1d91d4 [none]
[debug] [2023-09-13T23:06:41.747Z] >>> [apiv2][body] POST https://upload-firebasehosting.googleapis.com/upload/sites/netflix-clone-b7075/versions/6fea6ec99bbfbef8/files/c10c92b2be4f6a895515150d8ee0df2ccbe71c8899b27795e56cb3002c1d91d4 [stream]
[debug] [2023-09-13T23:06:41.748Z] >>> [apiv2][query] POST https://upload-firebasehosting.googleapis.com/upload/sites/netflix-clone-b7075/versions/6fea6ec99bbfbef8/files/9a5693f3ad64623aa991f3065546bde8af6bb49b81adcb6287518c506d7f1203 [none]
[debug] [2023-09-13T23:06:41.748Z] >>> [apiv2][body] POST https://upload-firebasehosting.googleapis.com/upload/sites/netflix-clone-b7075/versions/6fea6ec99bbfbef8/files/9a5693f3ad64623aa991f3065546bde8af6bb49b81adcb6287518c506d7f1203 [stream]
[debug] [2023-09-13T23:06:41.750Z] [hosting][populate queue][FINAL] {"max":8125,"min":8125,"avg":8125,"active":0,"complete":1,"success":1,"errored":0,"retried":0,"total":1,"elapsed":8147}
[debug] [2023-09-13T23:06:41.750Z] [hosting] uploads queued: 14
[debug] [2023-09-13T23:06:57.047Z] <<< [apiv2][status] POST https://upload-firebasehosting.googleapis.com/upload/sites/netflix-clone-b7075/versions/6fea6ec99bbfbef8/files/ebf380e341383bbf65d6a762603f630a9f7610c97f32bd297bc097635bc37ee3 200
[debug] [2023-09-13T23:06:57.047Z] <<< [apiv2][body] POST https://upload-firebasehosting.googleapis.com/upload/sites/netflix-clone-b7075/versions/6fea6ec99bbfbef8/files/ebf380e341383bbf65d6a762603f630a9f7610c97f32bd297bc097635bc37ee3 [stream]
[debug] [2023-09-13T23:06:57.048Z] <<< [apiv2][status] POST https://upload-firebasehosting.googleapis.com/upload/sites/netflix-clone-b7075/versions/6fea6ec99bbfbef8/files/5fcd5c559ded0c02b3ed7840ca3ee77e95b798730af98d9f18bc627ac898071e 200
[debug] [2023-09-13T23:06:57.048Z] <<< [apiv2][body] POST https://upload-firebasehosting.googleapis.com/upload/sites/netflix-clone-b7075/versions/6fea6ec99bbfbef8/files/5fcd5c559ded0c02b3ed7840ca3ee77e95b798730af98d9f18bc627ac898071e [stream]
[debug] [2023-09-13T23:06:57.049Z] <<< [apiv2][status] POST https://upload-firebasehosting.googleapis.com/upload/sites/netflix-clone-b7075/versions/6fea6ec99bbfbef8/files/a12218b0e8a042b38dedd9db4c470655420f31a6dc82953ec5a2548ee5aa509c 200
[debug] [2023-09-13T23:06:57.049Z] <<< [apiv2][body] POST https://upload-firebasehosting.googleapis.com/upload/sites/netflix-clone-b7075/versions/6fea6ec99bbfbef8/files/a12218b0e8a042b38dedd9db4c470655420f31a6dc82953ec5a2548ee5aa509c [stream]
[debug] [2023-09-13T23:06:57.051Z] <<< [apiv2][status] POST https://upload-firebasehosting.googleapis.com/upload/sites/netflix-clone-b7075/versions/6fea6ec99bbfbef8/files/729f564295ae2431bce9f283362871dbf0f3c0f89687049c0698baa45497cec7 200
[debug] [2023-09-13T23:06:57.051Z] <<< [apiv2][body] POST https://upload-firebasehosting.googleapis.com/upload/sites/netflix-clone-b7075/versions/6fea6ec99bbfbef8/files/729f564295ae2431bce9f283362871dbf0f3c0f89687049c0698baa45497cec7 [stream]
[debug] [2023-09-13T23:06:57.052Z] <<< [apiv2][status] POST https://upload-firebasehosting.googleapis.com/upload/sites/netflix-clone-b7075/versions/6fea6ec99bbfbef8/files/87aecafb41d21ea93b7af81398237b980c43ee880676c78630ee2d1e9a6d711f 200
[debug] [2023-09-13T23:06:57.052Z] <<< [apiv2][body] POST https://upload-firebasehosting.googleapis.com/upload/sites/netflix-clone-b7075/versions/6fea6ec99bbfbef8/files/87aecafb41d21ea93b7af81398237b980c43ee880676c78630ee2d1e9a6d711f [stream]
[debug] [2023-09-13T23:06:57.053Z] <<< [apiv2][status] POST https://upload-firebasehosting.googleapis.com/upload/sites/netflix-clone-b7075/versions/6fea6ec99bbfbef8/files/fffbd6ff40417a0ff00e2cee3279ceacc1c0bfaf8ae7a806b39936cff8b2f636 200
[debug] [2023-09-13T23:06:57.054Z] <<< [apiv2][body] POST https://upload-firebasehosting.googleapis.com/upload/sites/netflix-clone-b7075/versions/6fea6ec99bbfbef8/files/fffbd6ff40417a0ff00e2cee3279ceacc1c0bfaf8ae7a806b39936cff8b2f636 [stream]
[debug] [2023-09-13T23:06:57.055Z] <<< [apiv2][status] POST https://upload-firebasehosting.googleapis.com/upload/sites/netflix-clone-b7075/versions/6fea6ec99bbfbef8/files/7a998c23ec7dfc9e9459570191f019630b30c4b37acc5f2162a8a4b6941c8b3a 200
[debug] [2023-09-13T23:06:57.055Z] <<< [apiv2][body] POST https://upload-firebasehosting.googleapis.com/upload/sites/netflix-clone-b7075/versions/6fea6ec99bbfbef8/files/7a998c23ec7dfc9e9459570191f019630b30c4b37acc5f2162a8a4b6941c8b3a [stream]
[debug] [2023-09-13T23:06:57.063Z] <<< [apiv2][status] POST https://upload-firebasehosting.googleapis.com/upload/sites/netflix-clone-b7075/versions/6fea6ec99bbfbef8/files/c55d034d9cf7abfac7600919cbf4f4ce2f3ea3478df91d01177e8ff136f58918 200
[debug] [2023-09-13T23:06:57.063Z] <<< [apiv2][body] POST https://upload-firebasehosting.googleapis.com/upload/sites/netflix-clone-b7075/versions/6fea6ec99bbfbef8/files/c55d034d9cf7abfac7600919cbf4f4ce2f3ea3478df91d01177e8ff136f58918 [stream]
[debug] [2023-09-13T23:06:57.065Z] <<< [apiv2][status] POST https://upload-firebasehosting.googleapis.com/upload/sites/netflix-clone-b7075/versions/6fea6ec99bbfbef8/files/9a5693f3ad64623aa991f3065546bde8af6bb49b81adcb6287518c506d7f1203 200
[debug] [2023-09-13T23:06:57.065Z] <<< [apiv2][body] POST https://upload-firebasehosting.googleapis.com/upload/sites/netflix-clone-b7075/versions/6fea6ec99bbfbef8/files/9a5693f3ad64623aa991f3065546bde8af6bb49b81adcb6287518c506d7f1203 [stream]
[debug] [2023-09-13T23:06:57.065Z] <<< [apiv2][status] POST https://upload-firebasehosting.googleapis.com/upload/sites/netflix-clone-b7075/versions/6fea6ec99bbfbef8/files/eaddbdbb6655afeb231055ee56489abd7cebd80b14f1e28d45d43f17e2a8cfd4 200
[debug] [2023-09-13T23:06:57.065Z] <<< [apiv2][body] POST https://upload-firebasehosting.googleapis.com/upload/sites/netflix-clone-b7075/versions/6fea6ec99bbfbef8/files/eaddbdbb6655afeb231055ee56489abd7cebd80b14f1e28d45d43f17e2a8cfd4 [stream]
[debug] [2023-09-13T23:06:57.066Z] <<< [apiv2][status] POST https://upload-firebasehosting.googleapis.com/upload/sites/netflix-clone-b7075/versions/6fea6ec99bbfbef8/files/aff3449bdc238776f5d6d967f19ec491b36aed5fb7f23ccff6500736fd58494a 200
[debug] [2023-09-13T23:06:57.066Z] <<< [apiv2][body] POST https://upload-firebasehosting.googleapis.com/upload/sites/netflix-clone-b7075/versions/6fea6ec99bbfbef8/files/aff3449bdc238776f5d6d967f19ec491b36aed5fb7f23ccff6500736fd58494a [stream]
[debug] [2023-09-13T23:06:57.812Z] <<< [apiv2][status] POST https://upload-firebasehosting.googleapis.com/upload/sites/netflix-clone-b7075/versions/6fea6ec99bbfbef8/files/2ba20f9cf56e97166435bf2b1bec55b442eab3b9d48235adcb716feadc3a818e 200
[debug] [2023-09-13T23:06:57.812Z] <<< [apiv2][body] POST https://upload-firebasehosting.googleapis.com/upload/sites/netflix-clone-b7075/versions/6fea6ec99bbfbef8/files/2ba20f9cf56e97166435bf2b1bec55b442eab3b9d48235adcb716feadc3a818e [stream]
[debug] [2023-09-13T23:06:57.846Z] <<< [apiv2][status] POST https://upload-firebasehosting.googleapis.com/upload/sites/netflix-clone-b7075/versions/6fea6ec99bbfbef8/files/b0af527c958cc3ea2684b453dd26126cb528bb2f70e2455901145d39b5c41eaa 200
[debug] [2023-09-13T23:06:57.847Z] <<< [apiv2][body] POST https://upload-firebasehosting.googleapis.com/upload/sites/netflix-clone-b7075/versions/6fea6ec99bbfbef8/files/b0af527c958cc3ea2684b453dd26126cb528bb2f70e2455901145d39b5c41eaa [stream]
[debug] [2023-09-13T23:06:59.756Z] <<< [apiv2][status] POST https://upload-firebasehosting.googleapis.com/upload/sites/netflix-clone-b7075/versions/6fea6ec99bbfbef8/files/c10c92b2be4f6a895515150d8ee0df2ccbe71c8899b27795e56cb3002c1d91d4 200
[debug] [2023-09-13T23:06:59.757Z] <<< [apiv2][body] POST https://upload-firebasehosting.googleapis.com/upload/sites/netflix-clone-b7075/versions/6fea6ec99bbfbef8/files/c10c92b2be4f6a895515150d8ee0df2ccbe71c8899b27795e56cb3002c1d91d4 [stream]
[debug] [2023-09-13T23:06:59.757Z] [hosting][upload queue][FINAL] {"max":18029,"min":15321,"avg":15632.57142857143,"active":0,"complete":14,"success":14,"errored":0,"retried":0,"total":14,"elapsed":18031}
[info] +  hosting[netflix-clone-b7075]: file upload complete 
[debug] [2023-09-13T23:06:59.760Z] [hosting] deploy completed after 26423ms
[debug] [2023-09-13T23:06:59.760Z] [
  {
    "config": {
      "public": "build",
      "ignore": [
        "firebase.json",
        "**/.*",
        "**/node_modules/**"
      ],
      "rewrites": [
        {
          "source": "**",
          "destination": "/index.html"
        }
      ],
      "site": "netflix-clone-b7075"
    },
    "version": "projects/696820494611/sites/netflix-clone-b7075/versions/6fea6ec99bbfbef8"
  }
]
[info] i  hosting[netflix-clone-b7075]: finalizing version... 
[debug] [2023-09-13T23:06:59.764Z] >>> [apiv2][query] PATCH https://firebasehosting.googleapis.com/v1beta1/projects/-/sites/netflix-clone-b7075/versions/6fea6ec99bbfbef8 updateMask=status%2Cconfig
[debug] [2023-09-13T23:06:59.764Z] >>> [apiv2][body] PATCH https://firebasehosting.googleapis.com/v1beta1/projects/-/sites/netflix-clone-b7075/versions/6fea6ec99bbfbef8 {"status":"FINALIZED","config":{"rewrites":[{"glob":"**","path":"/index.html"}]}}
[debug] [2023-09-13T23:07:05.073Z] <<< [apiv2][status] PATCH https://firebasehosting.googleapis.com/v1beta1/projects/-/sites/netflix-clone-b7075/versions/6fea6ec99bbfbef8 200
[debug] [2023-09-13T23:07:05.073Z] <<< [apiv2][body] PATCH https://firebasehosting.googleapis.com/v1beta1/projects/-/sites/netflix-clone-b7075/versions/6fea6ec99bbfbef8 {"name":"projects/696820494611/sites/netflix-clone-b7075/versions/6fea6ec99bbfbef8","status":"FINALIZED","config":{"rewrites":[{"glob":"**","path":"/index.html"}]},"labels":{"deployment-tool":"cli-firebase"},"createTime":"2023-09-13T23:06:30.890089Z","createUser":{"email":"onukogudumebi@gmail.com"},"finalizeTime":"2023-09-13T23:07:01.755896Z","finalizeUser":{"email":"onukogudumebi@gmail.com"}}
[debug] [2023-09-13T23:07:05.073Z] [hosting] finalized version for netflix-clone-b7075:[object Object]
[info] +  hosting[netflix-clone-b7075]: version finalized 
[info] i  hosting[netflix-clone-b7075]: releasing new version... 
[debug] [2023-09-13T23:07:05.075Z] >>> [apiv2][query] POST https://firebasehosting.googleapis.com/v1beta1/projects/-/sites/netflix-clone-b7075/channels/live/releases versionName=projects%2F696820494611%2Fsites%2Fnetflix-clone-b7075%2Fversions%2F6fea6ec99bbfbef8
[debug] [2023-09-13T23:07:05.075Z] >>> [apiv2][body] POST https://firebasehosting.googleapis.com/v1beta1/projects/-/sites/netflix-clone-b7075/channels/live/releases {}
[debug] [2023-09-13T23:07:14.602Z] <<< [apiv2][status] POST https://firebasehosting.googleapis.com/v1beta1/projects/-/sites/netflix-clone-b7075/channels/live/releases 200
[debug] [2023-09-13T23:07:14.602Z] <<< [apiv2][body] POST https://firebasehosting.googleapis.com/v1beta1/projects/-/sites/netflix-clone-b7075/channels/live/releases {"name":"projects/696820494611/sites/netflix-clone-b7075/channels/live/releases/1694646429489000","version":{"name":"projects/696820494611/sites/netflix-clone-b7075/versions/6fea6ec99bbfbef8","status":"FINALIZED","config":{"rewrites":[{"glob":"**","path":"/index.html"}]},"labels":{"deployment-tool":"cli-firebase"},"createTime":"2023-09-13T23:06:30.890089Z","createUser":{"email":"onukogudumebi@gmail.com","imageUrl":"https://lh3.googleusercontent.com/a/ACg8ocL6EsfyUgFigB-QVId1B3XXWvSALPRf-9lgAqPRCY4E9E0"},"finalizeTime":"2023-09-13T23:07:01.755896Z","finalizeUser":{"email":"onukogudumebi@gmail.com","imageUrl":"https://lh3.googleusercontent.com/a/ACg8ocL6EsfyUgFigB-QVId1B3XXWvSALPRf-9lgAqPRCY4E9E0"}},"type":"DEPLOY","releaseTime":"2023-09-13T23:07:09.489Z","releaseUser":{"email":"onukogudumebi@gmail.com","imageUrl":"https://lh3.googleusercontent.com/a/ACg8ocL6EsfyUgFigB-QVId1B3XXWvSALPRf-9lgAqPRCY4E9E0"}}
[debug] [2023-09-13T23:07:14.602Z] [hosting] release: {"name":"projects/696820494611/sites/netflix-clone-b7075/channels/live/releases/1694646429489000","version":{"name":"projects/696820494611/sites/netflix-clone-b7075/versions/6fea6ec99bbfbef8","status":"FINALIZED","config":{"rewrites":[{"glob":"**","path":"/index.html"}]},"labels":{"deployment-tool":"cli-firebase"},"createTime":"2023-09-13T23:06:30.890089Z","createUser":{"email":"onukogudumebi@gmail.com","imageUrl":"https://lh3.googleusercontent.com/a/ACg8ocL6EsfyUgFigB-QVId1B3XXWvSALPRf-9lgAqPRCY4E9E0"},"finalizeTime":"2023-09-13T23:07:01.755896Z","finalizeUser":{"email":"onukogudumebi@gmail.com","imageUrl":"https://lh3.googleusercontent.com/a/ACg8ocL6EsfyUgFigB-QVId1B3XXWvSALPRf-9lgAqPRCY4E9E0"}},"type":"DEPLOY","releaseTime":"2023-09-13T23:07:09.489Z","releaseUser":{"email":"onukogudumebi@gmail.com","imageUrl":"https://lh3.googleusercontent.com/a/ACg8ocL6EsfyUgFigB-QVId1B3XXWvSALPRf-9lgAqPRCY4E9E0"}}
[info] +  hosting[netflix-clone-b7075]: release complete 
[info] 
[info] +  Deploy complete! 
[info] 
[info] Project Console: https://console.firebase.google.com/project/netflix-clone-b7075/overview
[info] Hosting URL: https://netflix-clone-b7075.web.app
[debug] [2023-09-13T23:07:29.633Z] Error: Timed out.
    at Timeout._onTimeout (C:\Users\VP\AppData\Roaming\npm\node_modules\firebase-tools\lib\utils.js:254:49)
    at listOnTimeout (node:internal/timers:569:17)
    at process.processTimers (node:internal/timers:512:7)
[error] 
[error] Error: An unexpected error has occurred.
[debug] [2023-09-27T10:56:44.191Z] ----------------------------------------------------------------------
[debug] [2023-09-27T10:56:44.194Z] Command:       C:\Program Files\nodejs\node.exe C:\Users\VP\AppData\Roaming\npm\node_modules\firebase-tools\lib\bin\firebase.js deploy
[debug] [2023-09-27T10:56:44.195Z] CLI Version:   12.5.4
[debug] [2023-09-27T10:56:44.195Z] Platform:      win32
[debug] [2023-09-27T10:56:44.196Z] Node Version:  v18.16.0
[debug] [2023-09-27T10:56:44.197Z] Time:          Wed Sep 27 2023 11:56:44 GMT+0100 (West Africa Standard Time)
[debug] [2023-09-27T10:56:44.197Z] ----------------------------------------------------------------------
[debug] 
[debug] [2023-09-27T10:56:44.276Z] >>> [apiv2][query] GET https://firebase-public.firebaseio.com/cli.json [none]
[debug] [2023-09-27T10:56:44.521Z] > command requires scopes: ["email","openid","https://www.googleapis.com/auth/cloudplatformprojects.readonly","https://www.googleapis.com/auth/firebase","https://www.googleapis.com/auth/cloud-platform"]
[debug] [2023-09-27T10:56:44.522Z] > authorizing via signed-in user (onukogudumebi@gmail.com)
[debug] [2023-09-27T10:56:44.523Z] [iam] checking project netflix-clone-b7075 for permissions ["firebase.projects.get","firebasehosting.sites.update"]
[debug] [2023-09-27T10:56:44.524Z] > refreshing access token with scopes: []
[debug] [2023-09-27T10:56:44.525Z] >>> [apiv2][query] POST https://www.googleapis.com/oauth2/v3/token [none]
[debug] [2023-09-27T10:56:44.525Z] >>> [apiv2][body] POST https://www.googleapis.com/oauth2/v3/token [omitted]
[debug] [2023-09-27T10:56:48.500Z] <<< [apiv2][status] GET https://firebase-public.firebaseio.com/cli.json 200
[debug] [2023-09-27T10:56:48.500Z] <<< [apiv2][body] GET https://firebase-public.firebaseio.com/cli.json {"cloudBuildErrorAfter":1594252800000,"cloudBuildWarnAfter":1590019200000,"defaultNode10After":1594252800000,"minVersion":"3.0.5","node8DeploysDisabledAfter":1613390400000,"node8RuntimeDisabledAfter":1615809600000,"node8WarnAfter":1600128000000}
[debug] [2023-09-27T10:56:48.992Z] <<< [apiv2][status] POST https://www.googleapis.com/oauth2/v3/token 200
[debug] [2023-09-27T10:56:48.993Z] <<< [apiv2][body] POST https://www.googleapis.com/oauth2/v3/token [omitted]
[debug] [2023-09-27T10:56:49.190Z] >>> [apiv2][query] POST https://cloudresourcemanager.googleapis.com/v1/projects/netflix-clone-b7075:testIamPermissions [none]
[debug] [2023-09-27T10:56:49.190Z] >>> [apiv2][(partial)header] POST https://cloudresourcemanager.googleapis.com/v1/projects/netflix-clone-b7075:testIamPermissions x-goog-quota-user=projects/netflix-clone-b7075
[debug] [2023-09-27T10:56:49.190Z] >>> [apiv2][body] POST https://cloudresourcemanager.googleapis.com/v1/projects/netflix-clone-b7075:testIamPermissions {"permissions":["firebase.projects.get","firebasehosting.sites.update"]}
[debug] [2023-09-27T10:56:54.777Z] <<< [apiv2][status] POST https://cloudresourcemanager.googleapis.com/v1/projects/netflix-clone-b7075:testIamPermissions 200
[debug] [2023-09-27T10:56:54.777Z] <<< [apiv2][body] POST https://cloudresourcemanager.googleapis.com/v1/projects/netflix-clone-b7075:testIamPermissions {"permissions":["firebase.projects.get","firebasehosting.sites.update"]}
[debug] [2023-09-27T10:56:54.779Z] >>> [apiv2][query] GET https://firebase.googleapis.com/v1beta1/projects/netflix-clone-b7075 [none]
[debug] [2023-09-27T10:56:58.938Z] <<< [apiv2][status] GET https://firebase.googleapis.com/v1beta1/projects/netflix-clone-b7075 200
[debug] [2023-09-27T10:56:58.938Z] <<< [apiv2][body] GET https://firebase.googleapis.com/v1beta1/projects/netflix-clone-b7075 {"projectId":"netflix-clone-b7075","projectNumber":"696820494611","displayName":"netflix-clone","name":"projects/netflix-clone-b7075","resources":{"hostingSite":"netflix-clone-b7075"},"state":"ACTIVE","etag":"1_955b5e88-a5b9-4872-af06-6d1fe29d900b"}
[info] 
[info] === Deploying to 'netflix-clone-b7075'...
[info] 
[info] i  deploying hosting 
[debug] [2023-09-27T10:56:58.949Z] >>> [apiv2][query] POST https://firebasehosting.googleapis.com/v1beta1/projects/-/sites/netflix-clone-b7075/versions [none]
[debug] [2023-09-27T10:56:58.949Z] >>> [apiv2][body] POST https://firebasehosting.googleapis.com/v1beta1/projects/-/sites/netflix-clone-b7075/versions {"status":"CREATED","labels":{"deployment-tool":"cli-firebase"}}
[debug] [2023-09-27T10:57:07.644Z] <<< [apiv2][status] POST https://firebasehosting.googleapis.com/v1beta1/projects/-/sites/netflix-clone-b7075/versions 200
[debug] [2023-09-27T10:57:07.644Z] <<< [apiv2][body] POST https://firebasehosting.googleapis.com/v1beta1/projects/-/sites/netflix-clone-b7075/versions {"name":"projects/696820494611/sites/netflix-clone-b7075/versions/f090b9264ddb7bbd","status":"CREATED","config":{},"labels":{"deployment-tool":"cli-firebase"}}
[info] i  hosting[netflix-clone-b7075]: beginning deploy... 
[info] i  hosting[netflix-clone-b7075]: found 14 files in build 
[debug] [2023-09-27T10:57:07.669Z] [hosting] uploading with 200 concurrency
[debug] [2023-09-27T10:57:09.016Z] [hosting] hash cache [YnVpbGQ] stored for 14 files
[debug] [2023-09-27T10:57:09.017Z] [hosting][hash queue][FINAL] {"max":1093,"min":3,"avg":90.78571428571429,"active":0,"complete":14,"success":14,"errored":0,"retried":0,"total":14,"elapsed":1101}
[debug] [2023-09-27T10:57:09.017Z] >>> [apiv2][query] POST https://firebasehosting.googleapis.com/v1beta1/projects/696820494611/sites/netflix-clone-b7075/versions/f090b9264ddb7bbd:populateFiles [none]
[debug] [2023-09-27T10:57:09.017Z] >>> [apiv2][body] POST https://firebasehosting.googleapis.com/v1beta1/projects/696820494611/sites/netflix-clone-b7075/versions/f090b9264ddb7bbd:populateFiles {"files":{"/favicon.ico":"87aecafb41d21ea93b7af81398237b980c43ee880676c78630ee2d1e9a6d711f","/logo192.png":"ebf380e341383bbf65d6a762603f630a9f7610c97f32bd297bc097635bc37ee3","/logo512.png":"c55d034d9cf7abfac7600919cbf4f4ce2f3ea3478df91d01177e8ff136f58918","/manifest.json":"aff3449bdc238776f5d6d967f19ec491b36aed5fb7f23ccff6500736fd58494a","/robots.txt":"5fcd5c559ded0c02b3ed7840ca3ee77e95b798730af98d9f18bc627ac898071e","/asset-manifest.json":"3a62f359bad29048056f85ea69f5bde4b5b781c78d8b393a409fddcff93af3ae","/index.html":"ac24f2b9a8f10ee96d642aeac6974413deca122685197d458b00fd3927c9ddab","/static/css/main.9692bb76.css":"92583117133d7186bd74b613cfa99fabea09513c505ea2e58b566019faf0d585","/static/js/787.58b933ed.chunk.js":"7a998c23ec7dfc9e9459570191f019630b30c4b37acc5f2162a8a4b6941c8b3a","/static/css/main.9692bb76.css.map":"7824099dee5d10046475fb328bec61f7ff1de15225d24f1553925e7c32c32a54","/static/js/main.8e1a5e3d.js.LICENSE.txt":"239e0022d85af0574b6f0be88bef868aa7c48d09a630c7db91e451b97f36eb41","/static/js/787.58b933ed.chunk.js.map":"a12218b0e8a042b38dedd9db4c470655420f31a6dc82953ec5a2548ee5aa509c","/static/js/main.8e1a5e3d.js":"13e6e28033a4ac108794438ad29322df65841b6cfa3558083fb7085beb3a482e","/static/js/main.8e1a5e3d.js.map":"51e21bc014e6a669a35d6dd1c00127e9aa91cad50e880c4f238e827e6448010c"}}
[debug] [2023-09-27T10:57:13.654Z] <<< [apiv2][status] POST https://firebasehosting.googleapis.com/v1beta1/projects/696820494611/sites/netflix-clone-b7075/versions/f090b9264ddb7bbd:populateFiles 200
[debug] [2023-09-27T10:57:13.655Z] <<< [apiv2][body] POST https://firebasehosting.googleapis.com/v1beta1/projects/696820494611/sites/netflix-clone-b7075/versions/f090b9264ddb7bbd:populateFiles {"uploadRequiredHashes":["51e21bc014e6a669a35d6dd1c00127e9aa91cad50e880c4f238e827e6448010c","3a62f359bad29048056f85ea69f5bde4b5b781c78d8b393a409fddcff93af3ae","239e0022d85af0574b6f0be88bef868aa7c48d09a630c7db91e451b97f36eb41","13e6e28033a4ac108794438ad29322df65841b6cfa3558083fb7085beb3a482e","ac24f2b9a8f10ee96d642aeac6974413deca122685197d458b00fd3927c9ddab","92583117133d7186bd74b613cfa99fabea09513c505ea2e58b566019faf0d585","7824099dee5d10046475fb328bec61f7ff1de15225d24f1553925e7c32c32a54"],"uploadUrl":"https://upload-firebasehosting.googleapis.com/upload/sites/netflix-clone-b7075/versions/f090b9264ddb7bbd/files"}
[debug] [2023-09-27T10:57:13.659Z] >>> [apiv2][query] POST https://upload-firebasehosting.googleapis.com/upload/sites/netflix-clone-b7075/versions/f090b9264ddb7bbd/files/51e21bc014e6a669a35d6dd1c00127e9aa91cad50e880c4f238e827e6448010c [none]
[debug] [2023-09-27T10:57:13.659Z] >>> [apiv2][body] POST https://upload-firebasehosting.googleapis.com/upload/sites/netflix-clone-b7075/versions/f090b9264ddb7bbd/files/51e21bc014e6a669a35d6dd1c00127e9aa91cad50e880c4f238e827e6448010c [stream]
[debug] [2023-09-27T10:57:13.662Z] >>> [apiv2][query] POST https://upload-firebasehosting.googleapis.com/upload/sites/netflix-clone-b7075/versions/f090b9264ddb7bbd/files/3a62f359bad29048056f85ea69f5bde4b5b781c78d8b393a409fddcff93af3ae [none]
[debug] [2023-09-27T10:57:13.662Z] >>> [apiv2][body] POST https://upload-firebasehosting.googleapis.com/upload/sites/netflix-clone-b7075/versions/f090b9264ddb7bbd/files/3a62f359bad29048056f85ea69f5bde4b5b781c78d8b393a409fddcff93af3ae [stream]
[debug] [2023-09-27T10:57:13.667Z] >>> [apiv2][query] POST https://upload-firebasehosting.googleapis.com/upload/sites/netflix-clone-b7075/versions/f090b9264ddb7bbd/files/239e0022d85af0574b6f0be88bef868aa7c48d09a630c7db91e451b97f36eb41 [none]
[debug] [2023-09-27T10:57:13.667Z] >>> [apiv2][body] POST https://upload-firebasehosting.googleapis.com/upload/sites/netflix-clone-b7075/versions/f090b9264ddb7bbd/files/239e0022d85af0574b6f0be88bef868aa7c48d09a630c7db91e451b97f36eb41 [stream]
[debug] [2023-09-27T10:57:13.670Z] >>> [apiv2][query] POST https://upload-firebasehosting.googleapis.com/upload/sites/netflix-clone-b7075/versions/f090b9264ddb7bbd/files/13e6e28033a4ac108794438ad29322df65841b6cfa3558083fb7085beb3a482e [none]
[debug] [2023-09-27T10:57:13.670Z] >>> [apiv2][body] POST https://upload-firebasehosting.googleapis.com/upload/sites/netflix-clone-b7075/versions/f090b9264ddb7bbd/files/13e6e28033a4ac108794438ad29322df65841b6cfa3558083fb7085beb3a482e [stream]
[debug] [2023-09-27T10:57:13.671Z] >>> [apiv2][query] POST https://upload-firebasehosting.googleapis.com/upload/sites/netflix-clone-b7075/versions/f090b9264ddb7bbd/files/ac24f2b9a8f10ee96d642aeac6974413deca122685197d458b00fd3927c9ddab [none]
[debug] [2023-09-27T10:57:13.671Z] >>> [apiv2][body] POST https://upload-firebasehosting.googleapis.com/upload/sites/netflix-clone-b7075/versions/f090b9264ddb7bbd/files/ac24f2b9a8f10ee96d642aeac6974413deca122685197d458b00fd3927c9ddab [stream]
[debug] [2023-09-27T10:57:13.673Z] >>> [apiv2][query] POST https://upload-firebasehosting.googleapis.com/upload/sites/netflix-clone-b7075/versions/f090b9264ddb7bbd/files/92583117133d7186bd74b613cfa99fabea09513c505ea2e58b566019faf0d585 [none]
[debug] [2023-09-27T10:57:13.673Z] >>> [apiv2][body] POST https://upload-firebasehosting.googleapis.com/upload/sites/netflix-clone-b7075/versions/f090b9264ddb7bbd/files/92583117133d7186bd74b613cfa99fabea09513c505ea2e58b566019faf0d585 [stream]
[debug] [2023-09-27T10:57:13.675Z] >>> [apiv2][query] POST https://upload-firebasehosting.googleapis.com/upload/sites/netflix-clone-b7075/versions/f090b9264ddb7bbd/files/7824099dee5d10046475fb328bec61f7ff1de15225d24f1553925e7c32c32a54 [none]
[debug] [2023-09-27T10:57:13.675Z] >>> [apiv2][body] POST https://upload-firebasehosting.googleapis.com/upload/sites/netflix-clone-b7075/versions/f090b9264ddb7bbd/files/7824099dee5d10046475fb328bec61f7ff1de15225d24f1553925e7c32c32a54 [stream]
[debug] [2023-09-27T10:57:13.676Z] [hosting][populate queue][FINAL] {"max":4644,"min":4644,"avg":4644,"active":0,"complete":1,"success":1,"errored":0,"retried":0,"total":1,"elapsed":4662}
[debug] [2023-09-27T10:57:13.676Z] [hosting] uploads queued: 7
[debug] [2023-09-27T10:57:19.822Z] <<< [apiv2][status] POST https://upload-firebasehosting.googleapis.com/upload/sites/netflix-clone-b7075/versions/f090b9264ddb7bbd/files/7824099dee5d10046475fb328bec61f7ff1de15225d24f1553925e7c32c32a54 200
[debug] [2023-09-27T10:57:19.822Z] <<< [apiv2][body] POST https://upload-firebasehosting.googleapis.com/upload/sites/netflix-clone-b7075/versions/f090b9264ddb7bbd/files/7824099dee5d10046475fb328bec61f7ff1de15225d24f1553925e7c32c32a54 [stream]
[debug] [2023-09-27T10:57:19.837Z] <<< [apiv2][status] POST https://upload-firebasehosting.googleapis.com/upload/sites/netflix-clone-b7075/versions/f090b9264ddb7bbd/files/239e0022d85af0574b6f0be88bef868aa7c48d09a630c7db91e451b97f36eb41 200
[debug] [2023-09-27T10:57:19.837Z] <<< [apiv2][body] POST https://upload-firebasehosting.googleapis.com/upload/sites/netflix-clone-b7075/versions/f090b9264ddb7bbd/files/239e0022d85af0574b6f0be88bef868aa7c48d09a630c7db91e451b97f36eb41 [stream]
[debug] [2023-09-27T10:57:19.839Z] <<< [apiv2][status] POST https://upload-firebasehosting.googleapis.com/upload/sites/netflix-clone-b7075/versions/f090b9264ddb7bbd/files/92583117133d7186bd74b613cfa99fabea09513c505ea2e58b566019faf0d585 200
[debug] [2023-09-27T10:57:19.839Z] <<< [apiv2][body] POST https://upload-firebasehosting.googleapis.com/upload/sites/netflix-clone-b7075/versions/f090b9264ddb7bbd/files/92583117133d7186bd74b613cfa99fabea09513c505ea2e58b566019faf0d585 [stream]
[debug] [2023-09-27T10:57:19.852Z] <<< [apiv2][status] POST https://upload-firebasehosting.googleapis.com/upload/sites/netflix-clone-b7075/versions/f090b9264ddb7bbd/files/ac24f2b9a8f10ee96d642aeac6974413deca122685197d458b00fd3927c9ddab 200
[debug] [2023-09-27T10:57:19.852Z] <<< [apiv2][body] POST https://upload-firebasehosting.googleapis.com/upload/sites/netflix-clone-b7075/versions/f090b9264ddb7bbd/files/ac24f2b9a8f10ee96d642aeac6974413deca122685197d458b00fd3927c9ddab [stream]
[debug] [2023-09-27T10:57:19.882Z] <<< [apiv2][status] POST https://upload-firebasehosting.googleapis.com/upload/sites/netflix-clone-b7075/versions/f090b9264ddb7bbd/files/3a62f359bad29048056f85ea69f5bde4b5b781c78d8b393a409fddcff93af3ae 200
[debug] [2023-09-27T10:57:19.882Z] <<< [apiv2][body] POST https://upload-firebasehosting.googleapis.com/upload/sites/netflix-clone-b7075/versions/f090b9264ddb7bbd/files/3a62f359bad29048056f85ea69f5bde4b5b781c78d8b393a409fddcff93af3ae [stream]
[debug] [2023-09-27T10:57:37.021Z] <<< [apiv2][status] POST https://upload-firebasehosting.googleapis.com/upload/sites/netflix-clone-b7075/versions/f090b9264ddb7bbd/files/13e6e28033a4ac108794438ad29322df65841b6cfa3558083fb7085beb3a482e 200
[debug] [2023-09-27T10:57:37.022Z] <<< [apiv2][body] POST https://upload-firebasehosting.googleapis.com/upload/sites/netflix-clone-b7075/versions/f090b9264ddb7bbd/files/13e6e28033a4ac108794438ad29322df65841b6cfa3558083fb7085beb3a482e [stream]
[debug] [2023-09-27T10:57:42.098Z] <<< [apiv2][status] POST https://upload-firebasehosting.googleapis.com/upload/sites/netflix-clone-b7075/versions/f090b9264ddb7bbd/files/51e21bc014e6a669a35d6dd1c00127e9aa91cad50e880c4f238e827e6448010c 200
[debug] [2023-09-27T10:57:42.098Z] <<< [apiv2][body] POST https://upload-firebasehosting.googleapis.com/upload/sites/netflix-clone-b7075/versions/f090b9264ddb7bbd/files/51e21bc014e6a669a35d6dd1c00127e9aa91cad50e880c4f238e827e6448010c [stream]
[debug] [2023-09-27T10:57:42.098Z] [hosting][upload queue][FINAL] {"max":28443,"min":6164,"avg":11822.42857142857,"active":0,"complete":7,"success":7,"errored":0,"retried":0,"total":7,"elapsed":28443}
[info] +  hosting[netflix-clone-b7075]: file upload complete 
[debug] [2023-09-27T10:57:42.100Z] [hosting] deploy completed after 34452ms
[debug] [2023-09-27T10:57:42.100Z] [
  {
    "config": {
      "public": "build",
      "ignore": [
        "firebase.json",
        "**/.*",
        "**/node_modules/**"
      ],
      "rewrites": [
        {
          "source": "**",
          "destination": "/index.html"
        }
      ],
      "site": "netflix-clone-b7075"
    },
    "version": "projects/696820494611/sites/netflix-clone-b7075/versions/f090b9264ddb7bbd"
  }
]
[info] i  hosting[netflix-clone-b7075]: finalizing version... 
[debug] [2023-09-27T10:57:42.103Z] >>> [apiv2][query] PATCH https://firebasehosting.googleapis.com/v1beta1/projects/-/sites/netflix-clone-b7075/versions/f090b9264ddb7bbd updateMask=status%2Cconfig
[debug] [2023-09-27T10:57:42.103Z] >>> [apiv2][body] PATCH https://firebasehosting.googleapis.com/v1beta1/projects/-/sites/netflix-clone-b7075/versions/f090b9264ddb7bbd {"status":"FINALIZED","config":{"rewrites":[{"glob":"**","path":"/index.html"}]}}
[debug] [2023-09-27T10:57:44.177Z] <<< [apiv2][status] PATCH https://firebasehosting.googleapis.com/v1beta1/projects/-/sites/netflix-clone-b7075/versions/f090b9264ddb7bbd 200
[debug] [2023-09-27T10:57:44.178Z] <<< [apiv2][body] PATCH https://firebasehosting.googleapis.com/v1beta1/projects/-/sites/netflix-clone-b7075/versions/f090b9264ddb7bbd {"name":"projects/696820494611/sites/netflix-clone-b7075/versions/f090b9264ddb7bbd","status":"FINALIZED","config":{"rewrites":[{"glob":"**","path":"/index.html"}]},"labels":{"deployment-tool":"cli-firebase"},"createTime":"2023-09-27T10:57:05.713187Z","createUser":{"email":"onukogudumebi@gmail.com"},"finalizeTime":"2023-09-27T10:57:43.473308Z","finalizeUser":{"email":"onukogudumebi@gmail.com"}}
[debug] [2023-09-27T10:57:44.178Z] [hosting] finalized version for netflix-clone-b7075:[object Object]
[info] +  hosting[netflix-clone-b7075]: version finalized 
[info] i  hosting[netflix-clone-b7075]: releasing new version... 
[debug] [2023-09-27T10:57:44.179Z] >>> [apiv2][query] POST https://firebasehosting.googleapis.com/v1beta1/projects/-/sites/netflix-clone-b7075/channels/live/releases versionName=projects%2F696820494611%2Fsites%2Fnetflix-clone-b7075%2Fversions%2Ff090b9264ddb7bbd
[debug] [2023-09-27T10:57:44.179Z] >>> [apiv2][body] POST https://firebasehosting.googleapis.com/v1beta1/projects/-/sites/netflix-clone-b7075/channels/live/releases {}
[debug] [2023-09-27T10:57:50.464Z] <<< [apiv2][status] POST https://firebasehosting.googleapis.com/v1beta1/projects/-/sites/netflix-clone-b7075/channels/live/releases 200
[debug] [2023-09-27T10:57:50.465Z] <<< [apiv2][body] POST https://firebasehosting.googleapis.com/v1beta1/projects/-/sites/netflix-clone-b7075/channels/live/releases {"name":"projects/696820494611/sites/netflix-clone-b7075/channels/live/releases/1695812267858000","version":{"name":"projects/696820494611/sites/netflix-clone-b7075/versions/f090b9264ddb7bbd","status":"FINALIZED","config":{"rewrites":[{"glob":"**","path":"/index.html"}]},"labels":{"deployment-tool":"cli-firebase"},"createTime":"2023-09-27T10:57:05.713187Z","createUser":{"email":"onukogudumebi@gmail.com","imageUrl":"https://lh3.googleusercontent.com/a/ACg8ocL6EsfyUgFigB-QVId1B3XXWvSALPRf-9lgAqPRCY4E9E0"},"finalizeTime":"2023-09-27T10:57:43.473308Z","finalizeUser":{"email":"onukogudumebi@gmail.com","imageUrl":"https://lh3.googleusercontent.com/a/ACg8ocL6EsfyUgFigB-QVId1B3XXWvSALPRf-9lgAqPRCY4E9E0"}},"type":"DEPLOY","releaseTime":"2023-09-27T10:57:47.858Z","releaseUser":{"email":"onukogudumebi@gmail.com","imageUrl":"https://lh3.googleusercontent.com/a/ACg8ocL6EsfyUgFigB-QVId1B3XXWvSALPRf-9lgAqPRCY4E9E0"}}
[debug] [2023-09-27T10:57:50.465Z] [hosting] release: {"name":"projects/696820494611/sites/netflix-clone-b7075/channels/live/releases/1695812267858000","version":{"name":"projects/696820494611/sites/netflix-clone-b7075/versions/f090b9264ddb7bbd","status":"FINALIZED","config":{"rewrites":[{"glob":"**","path":"/index.html"}]},"labels":{"deployment-tool":"cli-firebase"},"createTime":"2023-09-27T10:57:05.713187Z","createUser":{"email":"onukogudumebi@gmail.com","imageUrl":"https://lh3.googleusercontent.com/a/ACg8ocL6EsfyUgFigB-QVId1B3XXWvSALPRf-9lgAqPRCY4E9E0"},"finalizeTime":"2023-09-27T10:57:43.473308Z","finalizeUser":{"email":"onukogudumebi@gmail.com","imageUrl":"https://lh3.googleusercontent.com/a/ACg8ocL6EsfyUgFigB-QVId1B3XXWvSALPRf-9lgAqPRCY4E9E0"}},"type":"DEPLOY","releaseTime":"2023-09-27T10:57:47.858Z","releaseUser":{"email":"onukogudumebi@gmail.com","imageUrl":"https://lh3.googleusercontent.com/a/ACg8ocL6EsfyUgFigB-QVId1B3XXWvSALPRf-9lgAqPRCY4E9E0"}}
[info] +  hosting[netflix-clone-b7075]: release complete 
[info] 
[info] +  Deploy complete! 
[info] 
[info] Project Console: https://console.firebase.google.com/project/netflix-clone-b7075/overview
[info] Hosting URL: https://netflix-clone-b7075.web.app
[debug] [2023-09-27T10:58:04.090Z] Error: Timed out.
    at Timeout._onTimeout (C:\Users\VP\AppData\Roaming\npm\node_modules\firebase-tools\lib\utils.js:254:49)
    at listOnTimeout (node:internal/timers:569:17)
    at process.processTimers (node:internal/timers:512:7)
[error] 
[error] Error: An unexpected error has occurred.
